[INFO ] 2019-09-20 02:21:40.263 [http-nio-8888-exec-4] Login - User email admin@gmail.com logged successfully.
[INFO ] 2019-09-20 02:39:47.964 [http-nio-8888-exec-4] Login - User email: admin@gmail.com logged successfully. User role: ADMIN
[INFO ] 2019-09-20 02:39:56.466 [http-nio-8888-exec-3] SessionListener - User log out: admin@gmail.com
[INFO ] 2019-09-20 02:42:01.233 [http-nio-8888-exec-12] Login - User email: admin@gmail.com logged successfully. User role: ADMIN
[INFO ] 2019-09-20 02:42:16.500 [http-nio-8888-exec-17] Login - Invalid attempt of user email: 'roma@ukre.net'
[INFO ] 2019-09-20 02:42:37.860 [http-nio-8888-exec-11] Login - User email: roma@ukr.net logged successfully. User role: SPEAKER
[INFO ] 2019-09-20 13:24:33.999 [http-nio-8888-exec-5] Login - User email: admin@gmail.com logged successfully. User role: ADMIN
[INFO ] 2019-09-20 13:27:00.440 [http-nio-8888-exec-5] Login - User email: admin@gmail.com logged successfully. User role: ADMIN
[INFO ] 2019-09-20 13:29:50.154 [http-nio-8888-exec-19] Login - User email: admin@gmail.com logged successfully. User role: ADMIN
[INFO ] 2019-09-20 13:30:20.194 [http-nio-8888-exec-20] DeletePresentation - Presentation was deleted, ID: 2
[INFO ] 2019-09-20 13:34:03.226 [http-nio-8888-exec-23] Login - User email: admin@gmail.com logged successfully. User role: ADMIN
[INFO ] 2019-09-20 13:36:04.848 [http-nio-8888-exec-33] Login - User email: maria@mail.ru logged successfully. User role: SPEAKER
[INFO ] 2019-09-20 13:37:07.160 [http-nio-8888-exec-44] Login - User email: maria@mail.ru logged successfully. User role: SPEAKER
[INFO ] 2019-09-20 13:37:41.088 [http-nio-8888-exec-48] DeletePresentation - Presentation was deleted, ID: 66
[INFO ] 2019-09-20 13:41:19.798 [http-nio-8888-exec-48] Login - User email: maria@mail.ru logged successfully. User role: SPEAKER
[INFO ] 2019-09-20 13:43:38.020 [http-nio-8888-exec-58] Login - User email: maria@mail.ru logged successfully. User role: SPEAKER
[INFO ] 2019-09-20 13:51:42.421 [http-nio-8888-exec-76] Login - User email: admin@gmail.com logged successfully. User role: ADMIN
[INFO ] 2019-09-20 13:52:18.151 [http-nio-8888-exec-71] Login - User email: admin@gmail.com logged successfully. User role: ADMIN
[INFO ] 2019-09-20 13:58:51.083 [http-nio-8888-exec-94] Login - User email: admin@gmail.com logged successfully. User role: ADMIN
[INFO ] 2019-09-20 13:59:54.494 [http-nio-8888-exec-95] Login - User email: admin@gmail.com logged successfully. User role: ADMIN
[INFO ] 2019-09-20 14:02:23.487 [http-nio-8888-exec-110] Login - User email: admin@gmail.com logged successfully. User role: ADMIN
[INFO ] 2019-09-20 14:07:47.922 [http-nio-8888-exec-118] Login - User email: admin@gmail.com logged successfully. User role: ADMIN
[INFO ] 2019-09-20 14:11:54.170 [http-nio-8888-exec-126] Login - User email: admin@gmail.com logged successfully. User role: ADMIN
[INFO ] 2019-09-20 14:12:57.880 [http-nio-8888-exec-134] Login - User email: admin@gmail.com logged successfully. User role: ADMIN
[INFO ] 2019-09-20 14:16:33.490 [http-nio-8888-exec-142] Login - User email: admin@gmail.com logged successfully. User role: ADMIN
[INFO ] 2019-09-20 14:17:13.418 [http-nio-8888-exec-155] Login - User email: admin@gmail.com logged successfully. User role: ADMIN
[INFO ] 2019-09-20 14:20:07.308 [http-nio-8888-exec-158] Login - User email: maria@mail.ru logged successfully. User role: SPEAKER
[INFO ] 2019-09-20 14:20:36.079 [http-nio-8888-exec-166] SessionListener - User log out: maria@mail.ru
[INFO ] 2019-09-20 14:20:41.692 [http-nio-8888-exec-164] Login - User email: admin@gmail.com logged successfully. User role: ADMIN
[INFO ] 2019-09-20 14:20:46.755 [http-nio-8888-exec-169] SessionListener - User log out: admin@gmail.com
[INFO ] 2019-09-20 14:20:51.393 [http-nio-8888-exec-159] Login - User email: maria@mail.ru logged successfully. User role: SPEAKER
[INFO ] 2019-09-20 14:47:50.874 [http-nio-8888-exec-168] Login - User email mail@mail registration successfully.
[INFO ] 2019-09-20 14:50:37.278 [http-nio-8888-exec-182] Login - User email gmail@com registration successfully.
[INFO ] 2019-09-20 15:00:06.978 [http-nio-8888-exec-187] Login - User email mail@mail.ru registration successfully.
[INFO ] 2019-09-20 15:04:03.711 [http-nio-8888-exec-214] Login - Invalid attempt of user email: 'm@m'
[INFO ] 2019-09-20 15:05:16.416 [http-nio-8888-exec-221] Login - User email: maria@mail.ru logged successfully. User role: SPEAKER
[INFO ] 2019-09-20 15:06:33.803 [http-nio-8888-exec-226] Login - User email: maria@mail.ru logged successfully. User role: SPEAKER
[INFO ] 2019-09-20 15:09:31.754 [http-nio-8888-exec-236] Login - User email: maria@mail.ru logged successfully. User role: SPEAKER
[INFO ] 2019-09-20 15:11:10.141 [http-nio-8888-exec-243] Login - User email: maria@mail.ru logged successfully. User role: SPEAKER
[INFO ] 2019-09-20 15:11:33.901 [http-nio-8888-exec-248] SessionListener - User log out: maria@mail.ru
[INFO ] 2019-09-20 15:11:37.191 [http-nio-8888-exec-240] Login - User email: admin@gmail.com logged successfully. User role: ADMIN
[INFO ] 2019-09-20 15:11:53.629 [http-nio-8888-exec-244] SessionListener - User log out: admin@gmail.com
[WARN ] 2019-09-20 15:32:16.983 [http-nio-8888-exec-2] ConnectionPoolHolder - Warning: file properties not found
[WARN ] 2019-09-20 15:38:44.269 [http-nio-8888-exec-3] ConnectionPoolHolder - Warning: file properties not found
[WARN ] 2019-09-20 15:39:13.908 [http-nio-8888-exec-2] ConnectionPoolHolder - Warning: file properties not found
[WARN ] 2019-09-20 15:39:38.955 [http-nio-8888-exec-10] ConnectionPoolHolder - Warning: file properties not found
[WARN ] 2019-09-20 15:40:24.057 [http-nio-8888-exec-11] ConnectionPoolHolder - Warning: file properties not found
[WARN ] 2019-09-20 16:02:26.462 [http-nio-8888-exec-2] JDBCDaoFactory - Warning: file properties not found
[WARN ] 2019-09-20 16:03:28.424 [http-nio-8888-exec-2] JDBCDaoFactory - Warning: file properties not found
[WARN ] 2019-09-20 16:05:42.968 [http-nio-8888-exec-5] JDBCDaoFactory - Warning: file properties not found
[WARN ] 2019-09-20 16:06:50.352 [http-nio-8888-exec-13] JDBCDaoFactory - Warning: classnotfound ex
[WARN ] 2019-09-20 16:07:33.611 [http-nio-8888-exec-13] JDBCDaoFactory - Warning: classnotfound ex
[WARN ] 2019-09-20 16:09:35.040 [http-nio-8888-exec-22] JDBCDaoFactory - Warning: file properties not found
[WARN ] 2019-09-20 16:28:39.215 [http-nio-8888-exec-2] ConferencePortal - Warning: file properties not found
[WARN ] 2019-09-20 16:35:30.172 [http-nio-8888-exec-2] ConferencePortal - Warning: file properties not found
[WARN ] 2019-09-20 16:36:02.773 [http-nio-8888-exec-2] ConferencePortal - Warning: file properties not found
[WARN ] 2019-09-20 16:36:29.964 [http-nio-8888-exec-8] ConferencePortal - Warning: file properties not found
[INFO ] 2019-09-20 17:08:48.501 [ContainerBackgroundProcessor[StandardEngine[Catalina]]] SessionListener - User log out: null
[WARN ] 2019-09-20 19:07:16.881 [http-nio-8888-exec-1] ConferencePortal - Warning: file properties not found
[INFO ] 2019-09-20 19:51:46.168 [ContainerBackgroundProcessor[StandardEngine[Catalina]]] SessionListener - User log out: null
[INFO ] 2019-09-20 21:11:29.268 [http-nio-8888-exec-14] SessionListener - User log out: null
[INFO ] 2019-09-20 21:46:00.322 [http-nio-8888-exec-3] ConferencePortal - load db property file
[INFO ] 2019-09-20 21:46:32.238 [http-nio-8888-exec-7] Login - User email: admin@gmail.com logged successfully. User role: ADMIN
[WARN ] 2019-09-20 21:48:29.631 [http-nio-8888-exec-1] ConferencePortal - Warning: file properties not found
[WARN ] 2019-09-20 21:49:17.292 [http-nio-8888-exec-2] ConferencePortal - Warning: file properties not found
[INFO ] 2019-09-20 21:56:34.299 [http-nio-8888-exec-6] ConnectionPoolHolder - load db property file
[INFO ] 2019-09-20 21:59:50.670 [http-nio-8888-exec-2] ConnectionPoolHolder - Load database.properties file
[WARN ] 2019-09-20 22:00:16.360 [http-nio-8888-exec-2] ConnectionPoolHolder - Warning: file database.properties not found
[INFO ] 2019-09-20 22:04:22.577 [http-nio-8888-exec-3] ConferencePortal - load info.properties  file
[INFO ] 2019-09-20 22:04:22.601 [http-nio-8888-exec-3] ConnectionPoolHolder - Load database.properties file
[INFO ] 2019-09-20 22:13:48.819 [http-nio-8888-exec-10] Login - User email: admin@gmail.com logged successfully. User role: ADMIN
[INFO ] 2019-09-20 22:14:06.356 [http-nio-8888-exec-2] DeleteProfile - User: admin@gmail.com delete profile
[INFO ] 2019-09-20 22:14:10.766 [http-nio-8888-exec-3] DeleteProfile - User: admin@gmail.com delete profile
[INFO ] 2019-09-20 22:14:14.382 [http-nio-8888-exec-5] DeleteProfile - User: admin@gmail.com delete profile
[INFO ] 2019-09-20 22:30:54.967 [http-nio-8888-exec-2] ConnectionPoolHolder - Load database.properties file
[INFO ] 2019-09-20 22:30:58.042 [http-nio-8888-exec-3] Login - Invalid attempt of user email: 'william@yahoo.com'
[INFO ] 2019-09-20 22:31:03.004 [http-nio-8888-exec-4] Login - User email: william@yahoo.com logged successfully. User role: USER
[INFO ] 2019-09-21 15:16:05.666 [http-nio-8888-exec-4] ConnectionPoolHolder - Load database.properties file
[INFO ] 2019-09-21 15:16:14.535 [http-nio-8888-exec-5] Login - User email: admin@gmail.com logged successfully. User role: ADMIN
[INFO ] 2019-09-21 15:16:32.078 [http-nio-8888-exec-1] AdminEdit - Invalid input For input string: "3a"
[INFO ] 2019-09-21 15:16:39.468 [http-nio-8888-exec-2] AdminEdit - Invalid input No such user
[INFO ] 2019-09-21 16:12:35.138 [http-nio-8888-exec-1] ConferencePortal - Load query.properties  file
[INFO ] 2019-09-21 16:12:46.994 [http-nio-8888-exec-2] ConnectionPoolHolder - Load database.properties file
[INFO ] 2019-09-21 16:12:55.015 [http-nio-8888-exec-4] Login - User email: admin@gmail.com logged successfully. User role: ADMIN
[WARN ] 2019-09-21 16:13:27.934 [http-nio-8888-exec-4] AddConference - Couldn't edit conference, exception: ua.krasun.conference_portal_servlet.model.entity.exception.WrongInputException: Duplicate entry '2019-08-28' for key 'conference_date_uindex'
[INFO ] 2019-09-21 16:26:16.059 [http-nio-8888-exec-1] ConferencePortal - Load query.properties  file
[INFO ] 2019-09-21 16:26:19.553 [http-nio-8888-exec-2] ConnectionPoolHolder - Load database.properties file
[INFO ] 2019-09-21 16:26:26.294 [http-nio-8888-exec-3] Login - User email: admin@gmail.com logged successfully. User role: ADMIN
[ERROR] 2019-09-21 16:26:57.107 [http-nio-8888-exec-10] AddConference - Couldn't edit conference, exception: ua.krasun.conference_portal_servlet.model.entity.exception.WrongInputException: Duplicate entry '2019-08-28' for key 'conference_date_uindex'
[INFO ] 2019-10-07 11:56:28.419 [http-nio-8888-exec-6] ConferencePortal - Load query.properties  file
[INFO ] 2019-10-07 11:56:28.474 [http-nio-8888-exec-6] ConnectionPoolHolder - Load database.properties file
[INFO ] 2019-10-07 11:56:37.170 [http-nio-8888-exec-8] Login - User email: admin@gmail.com logged successfully. User role: ADMIN
[INFO ] 2019-10-07 12:17:38.292 [http-nio-8888-exec-5] ConferencePortal - Load query.properties  file
[INFO ] 2019-10-07 12:17:38.354 [http-nio-8888-exec-5] ConnectionPoolHolder - Load database.properties file
[INFO ] 2019-10-07 12:18:07.804 [http-nio-8888-exec-8] JDBCUserDao - Load query.properties  file
[INFO ] 2019-10-07 12:18:08.374 [http-nio-8888-exec-8] Login - User email: admin@gmail.com logged successfully. User role: ADMIN
[INFO ] 2019-10-07 12:20:20.612 [http-nio-8888-exec-2] ConnectionPoolHolder - Load database.properties file
[INFO ] 2019-10-07 12:20:28.697 [http-nio-8888-exec-4] JDBCUserDao - Load query.properties  file
[INFO ] 2019-10-07 12:20:29.245 [http-nio-8888-exec-4] Login - User email: admin@gmail.com logged successfully. User role: ADMIN
[INFO ] 2019-10-07 12:20:51.541 [http-nio-8888-exec-9] AddConference - User: admin@gmail.comadd new conference2019-10-31/BUSINESS
[INFO ] 2019-10-07 13:26:43.767 [http-nio-8888-exec-5] ConnectionPoolHolder - Load database.properties file
[INFO ] 2019-10-07 13:26:47.635 [http-nio-8888-exec-6] JDBCUserDao - Load query.properties  file
[INFO ] 2019-10-07 13:26:48.307 [http-nio-8888-exec-6] Login - User email: admin@gmail.com logged successfully. User role: ADMIN
[INFO ] 2019-10-07 13:27:14.765 [http-nio-8888-exec-1] JDBCConferenceDao - findById SQLException: Parameter index out of range (1 > number of parameters, which is 0).
[INFO ] 2019-10-07 13:27:26.095 [http-nio-8888-exec-5] SessionListener - User log out: admin@gmail.com
[INFO ] 2019-10-07 13:27:31.602 [http-nio-8888-exec-8] Login - User email: admin@gmail.com logged successfully. User role: ADMIN
[INFO ] 2019-10-07 13:27:40.190 [http-nio-8888-exec-10] AddConference - User: admin@gmail.comadd new conference2019-11-28/BUSINESS
[INFO ] 2019-10-07 13:27:48.846 [http-nio-8888-exec-3] JDBCConferenceDao - findById SQLException: Parameter index out of range (1 > number of parameters, which is 0).
[INFO ] 2019-10-07 13:28:03.607 [http-nio-8888-exec-5] JDBCConferenceDao - findById SQLException: Parameter index out of range (1 > number of parameters, which is 0).
[INFO ] 2019-10-07 13:33:16.515 [http-nio-8888-exec-2] ConnectionPoolHolder - Load database.properties file
[INFO ] 2019-10-07 13:33:19.608 [http-nio-8888-exec-3] JDBCUserDao - Load query.properties  file
[INFO ] 2019-10-07 13:33:20.287 [http-nio-8888-exec-3] Login - User email: admin@gmail.com logged successfully. User role: ADMIN
[INFO ] 2019-10-07 13:33:28.868 [http-nio-8888-exec-6] JDBCConferenceDao - findById SQLException: Parameter index out of range (1 > number of parameters, which is 0).
[INFO ] 2019-10-07 13:34:35.050 [http-nio-8888-exec-1] JDBCConferenceDao - findById SQLException: Parameter index out of range (1 > number of parameters, which is 0).
[INFO ] 2019-10-07 13:35:30.124 [http-nio-8888-exec-3] JDBCConferenceDao - findById SQLException: Parameter index out of range (1 > number of parameters, which is 0).
[INFO ] 2019-10-07 13:37:16.923 [http-nio-8888-exec-2] ConnectionPoolHolder - Load database.properties file
[INFO ] 2019-10-07 13:37:20.998 [http-nio-8888-exec-7] JDBCUserDao - Load query.properties  file
[INFO ] 2019-10-07 13:37:21.337 [http-nio-8888-exec-7] Login - User email: admin@gmail.com logged successfully. User role: ADMIN
[INFO ] 2019-10-07 13:37:28.553 [http-nio-8888-exec-4] JDBCConferenceDao - findById SQLException: Parameter index out of range (1 > number of parameters, which is 0).
[INFO ] 2019-10-07 13:40:40.519 [http-nio-8888-exec-13] JDBCConferenceDao - findById SQLException: Parameter index out of range (1 > number of parameters, which is 0).
[INFO ] 2019-10-07 13:42:07.993 [http-nio-8888-exec-15] JDBCConferenceDao - findById SQLException: Parameter index out of range (1 > number of parameters, which is 0).
[INFO ] 2019-10-07 13:43:03.847 [http-nio-8888-exec-17] JDBCConferenceDao - findById SQLException: Parameter index out of range (1 > number of parameters, which is 0).
[INFO ] 2019-10-07 13:43:07.987 [http-nio-8888-exec-16] ConnectionPoolHolder - Load database.properties file
[INFO ] 2019-10-07 13:43:10.615 [http-nio-8888-exec-11] JDBCUserDao - Load query.properties  file
[INFO ] 2019-10-07 13:43:10.946 [http-nio-8888-exec-11] Login - User email: admin@gmail.com logged successfully. User role: ADMIN
[INFO ] 2019-10-07 13:44:30.169 [http-nio-8888-exec-15] JDBCConferenceDao - findById SQLException: Parameter index out of range (1 > number of parameters, which is 0).
[INFO ] 2019-10-07 13:44:50.308 [http-nio-8888-exec-2] ConnectionPoolHolder - Load database.properties file
[INFO ] 2019-10-07 13:44:53.004 [http-nio-8888-exec-3] JDBCUserDao - Load query.properties  file
[INFO ] 2019-10-07 13:44:53.636 [http-nio-8888-exec-3] Login - User email: admin@gmail.com logged successfully. User role: ADMIN
[INFO ] 2019-10-07 13:44:58.887 [http-nio-8888-exec-6] AddConference - Conference: 38was edit
[INFO ] 2019-10-07 13:45:05.543 [http-nio-8888-exec-8] AddConference - Conference: 38was edit
[WARN ] 2019-10-07 13:46:53.501 [http-nio-8888-exec-4] AddConference - Couldn't edit conference, exception: ua.krasun.conference_portal_servlet.model.entity.exception.WrongInputException: Duplicate entry '2019-10-07' for key 'conference_date_uindex'
[INFO ] 2019-10-07 13:47:04.167 [http-nio-8888-exec-6] AddConference - Conference: 5was edit
[INFO ] 2019-10-07 13:47:15.293 [http-nio-8888-exec-9] AddConference - Conference: 2was edit
[INFO ] 2019-10-07 13:47:24.414 [http-nio-8888-exec-10] AddConference - Conference: 8was edit
[INFO ] 2019-10-07 13:47:32.447 [http-nio-8888-exec-2] AddConference - Conference: 4was edit
[INFO ] 2019-10-07 13:51:35.137 [http-nio-8888-exec-2] ConnectionPoolHolder - Load database.properties file
[INFO ] 2019-10-07 13:51:38.456 [http-nio-8888-exec-3] JDBCUserDao - Load query.properties  file
[INFO ] 2019-10-07 13:51:38.980 [http-nio-8888-exec-3] Login - User email: admin@gmail.com logged successfully. User role: ADMIN
[INFO ] 2019-10-07 13:51:44.792 [http-nio-8888-exec-10] SessionListener - User log out: admin@gmail.com
[INFO ] 2019-10-07 13:53:48.034 [http-nio-8888-exec-2] ConnectionPoolHolder - Load database.properties file
[INFO ] 2019-10-07 13:53:59.285 [http-nio-8888-exec-4] JDBCUserDao - Load query.properties  file
[INFO ] 2019-10-07 13:53:59.942 [http-nio-8888-exec-4] Login - User email: william@yahoo.com logged successfully. User role: USER
[INFO ] 2019-10-07 15:14:12.220 [ContainerBackgroundProcessor[StandardEngine[Catalina]]] SessionListener - User log out: william@yahoo.com
[INFO ] 2019-10-07 21:56:04.480 [http-nio-8888-exec-2] Login - User email: admin@gmail.com logged successfully. User role: ADMIN
[INFO ] 2019-10-07 22:26:26.271 [ContainerBackgroundProcessor[StandardEngine[Catalina]]] SessionListener - User log out: admin@gmail.com
[WARN ] 2019-10-08 17:18:20.318 [http-nio-8888-exec-6] Login - Entered email: admin@gmail.com registration failua.krasun.conference_portal_servlet.model.entity.exception.WrongInputException: Duplicate entry 'admin@gmail.com' for key 'user_email_uindex'
[INFO ] 2019-10-08 17:20:00.163 [http-nio-8888-exec-5] Login - User email: aa@aa.aa registration successfully.
[INFO ] 2019-10-08 17:20:14.264 [http-nio-8888-exec-6] Login - User email: aa@aa.aa logged successfully. User role: USER
[INFO ] 2019-10-08 17:23:10.014 [http-nio-8888-exec-1] ConnectionPoolHolder - Load database.properties file
[INFO ] 2019-10-08 17:23:13.304 [http-nio-8888-exec-5] JDBCUserDao - Load query.properties  file
[INFO ] 2019-10-08 17:23:13.736 [http-nio-8888-exec-5] Login - User email: aa@aa.aa logged successfully. User role: USER
[INFO ] 2019-10-08 17:23:32.521 [http-nio-8888-exec-4] UserEdit - User aa@aa.aaupdate profile
[INFO ] 2019-10-08 17:26:07.962 [http-nio-8888-exec-18] SessionListener - User log out: aa@aa.aa
[INFO ] 2019-10-08 17:26:14.316 [http-nio-8888-exec-11] Login - User email: admin@gmail.com logged successfully. User role: ADMIN
[WARN ] 2019-10-08 17:26:59.121 [http-nio-8888-exec-15] AddConference - Couldn't edit conference, exception: ua.krasun.conference_portal_servlet.model.entity.exception.WrongInputException: Duplicate entry '2019-09-26' for key 'conference_date_uindex'
[WARN ] 2019-10-08 17:27:44.910 [http-nio-8888-exec-12] JDBCConferenceDao - delete SQLException: Cannot delete or update a parent row: a foreign key constraint fails (`conference_servlet_db`.`conference_registrations`, CONSTRAINT `FK3k47q8y5lkh2bubg8e0itwn9f` FOREIGN KEY (`conference_id`) REFERENCES `conference` (`id`))
[INFO ] 2019-10-08 17:27:44.911 [http-nio-8888-exec-12] DeleteConference - Conference was deleted, ID: 4
[WARN ] 2019-10-08 17:28:09.682 [http-nio-8888-exec-15] JDBCConferenceDao - delete SQLException: Cannot delete or update a parent row: a foreign key constraint fails (`conference_servlet_db`.`conference_registrations`, CONSTRAINT `FK3k47q8y5lkh2bubg8e0itwn9f` FOREIGN KEY (`conference_id`) REFERENCES `conference` (`id`))
[INFO ] 2019-10-08 17:28:09.682 [http-nio-8888-exec-15] DeleteConference - Conference was deleted, ID: 38
[WARN ] 2019-10-08 17:30:38.188 [http-nio-8888-exec-14] JDBCUserDao - delete() SQLException: Cannot delete or update a parent row: a foreign key constraint fails (`conference_servlet_db`.`conference`, CONSTRAINT `FK5ombydw0brnonv2d2gxum0hdk` FOREIGN KEY (`user_id`) REFERENCES `user` (`id`))
[INFO ] 2019-10-08 17:30:38.189 [http-nio-8888-exec-14] DeleteProfile - User: admin@gmail.com delete profile
[WARN ] 2019-10-08 17:30:58.031 [http-nio-8888-exec-16] JDBCUserDao - delete() SQLException: Cannot delete or update a parent row: a foreign key constraint fails (`conference_servlet_db`.`conference`, CONSTRAINT `FK5ombydw0brnonv2d2gxum0hdk` FOREIGN KEY (`user_id`) REFERENCES `user` (`id`))
[INFO ] 2019-10-08 17:30:58.033 [http-nio-8888-exec-16] DeleteProfile - User: admin@gmail.com delete profile
[WARN ] 2019-10-08 17:31:07.312 [http-nio-8888-exec-19] JDBCUserDao - delete() SQLException: Cannot delete or update a parent row: a foreign key constraint fails (`conference_servlet_db`.`conference_registrations`, CONSTRAINT `FKn3r729y3i5uwdojd034cmmb2h` FOREIGN KEY (`user_id`) REFERENCES `user` (`id`))
[INFO ] 2019-10-08 17:31:07.312 [http-nio-8888-exec-19] DeleteProfile - User: admin@gmail.com delete profile
[INFO ] 2019-10-08 17:32:57.591 [http-nio-8888-exec-16] SessionListener - User log out: admin@gmail.com
[INFO ] 2019-10-08 17:33:04.874 [http-nio-8888-exec-18] Login - User email: admin@gmail.com logged successfully. User role: ADMIN
[INFO ] 2019-10-08 17:33:24.550 [http-nio-8888-exec-20] Login - User email: edgar@gmail.com logged successfully. User role: ADMIN
[INFO ] 2019-10-08 17:33:35.703 [http-nio-8888-exec-14] Login - User email: aa@aa.aa logged successfully. User role: USER
[INFO ] 2019-10-08 17:55:02.567 [ContainerBackgroundProcessor[StandardEngine[Catalina]]] SessionListener - User log out: null
[INFO ] 2019-10-08 18:05:44.032 [ContainerBackgroundProcessor[StandardEngine[Catalina]]] SessionListener - User log out: null
[INFO ] 2019-10-08 19:32:38.114 [http-nio-8888-exec-20] Login - Invalid attempt of user email: 'admin@gmail.com'
[INFO ] 2019-10-08 19:32:43.474 [http-nio-8888-exec-14] Login - User email admin@gmail.com already logged.
[INFO ] 2019-10-08 19:33:36.489 [http-nio-8888-exec-20] Login - Invalid attempt of user email: 'admin@gmail.com'
[INFO ] 2019-10-08 19:33:40.961 [http-nio-8888-exec-15] Login - User email admin@gmail.com already logged.
[INFO ] 2019-10-08 19:34:26.916 [http-nio-8888-exec-2] ConnectionPoolHolder - Load database.properties file
[INFO ] 2019-10-08 19:34:30.752 [http-nio-8888-exec-3] JDBCUserDao - Load query.properties  file
[INFO ] 2019-10-08 19:34:31.554 [http-nio-8888-exec-3] Login - User email: admin@gmail.com logged successfully. User role: ADMIN
[INFO ] 2019-10-08 19:40:35.784 [http-nio-8888-exec-2] ConnectionPoolHolder - Load database.properties file
[INFO ] 2019-10-08 19:40:39.397 [http-nio-8888-exec-11] JDBCUserDao - Load query.properties  file
[INFO ] 2019-10-08 19:40:39.623 [http-nio-8888-exec-11] Login - User email: admin@gmail.com logged successfully. User role: ADMIN
[WARN ] 2019-10-08 19:40:48.931 [http-nio-8888-exec-4] JDBCUserDao - delete() SQLException: Cannot delete or update a parent row: a foreign key constraint fails (`conference_servlet_db`.`conference_registrations`, CONSTRAINT `FKn3r729y3i5uwdojd034cmmb2h` FOREIGN KEY (`user_id`) REFERENCES `user` (`id`))
[INFO ] 2019-10-08 19:40:48.932 [http-nio-8888-exec-4] DeleteProfile - User: admin@gmail.com delete profile
[INFO ] 2019-10-08 22:49:01.223 [ContainerBackgroundProcessor[StandardEngine[Catalina]]] SessionListener - User log out: admin@gmail.com
[INFO ] 2019-10-09 12:05:18.689 [http-nio-8888-exec-16] ConnectionPoolHolder - Load database.properties file
[INFO ] 2019-10-09 12:05:23.368 [http-nio-8888-exec-18] JDBCUserDao - Load query.properties  file
[INFO ] 2019-10-09 12:05:23.595 [http-nio-8888-exec-18] Login - User email: admin@gmail.com logged successfully. User role: ADMIN
[WARN ] 2019-10-09 12:05:23.629 [http-nio-8888-exec-18] JDBCConferenceDao - findAll SQLException: Cannot determine value type from string 'william@yahoo.com'
[WARN ] 2019-10-09 12:05:23.641 [http-nio-8888-exec-19] JDBCConferenceDao - findAll SQLException: Cannot determine value type from string 'william@yahoo.com'
[WARN ] 2019-10-09 12:05:25.444 [http-nio-8888-exec-15] JDBCConferenceDao - findAll SQLException: Cannot determine value type from string 'william@yahoo.com'
[WARN ] 2019-10-09 12:05:26.635 [http-nio-8888-exec-21] JDBCConferenceDao - findAll SQLException: Cannot determine value type from string 'william@yahoo.com'
[WARN ] 2019-10-09 12:05:33.121 [http-nio-8888-exec-20] JDBCConferenceDao - findAll SQLException: Cannot determine value type from string 'william@yahoo.com'
[WARN ] 2019-10-09 12:05:33.605 [http-nio-8888-exec-23] JDBCConferenceDao - findAll SQLException: Cannot determine value type from string 'william@yahoo.com'
[WARN ] 2019-10-09 12:05:34.306 [http-nio-8888-exec-13] JDBCConferenceDao - findAll SQLException: Cannot determine value type from string 'william@yahoo.com'
[WARN ] 2019-10-09 12:05:34.644 [http-nio-8888-exec-14] JDBCConferenceDao - findAll SQLException: Cannot determine value type from string 'william@yahoo.com'
[WARN ] 2019-10-09 12:05:35.062 [http-nio-8888-exec-22] JDBCConferenceDao - findAll SQLException: Cannot determine value type from string 'william@yahoo.com'
[WARN ] 2019-10-09 12:05:45.130 [http-nio-8888-exec-23] JDBCConferenceDao - findAll SQLException: Cannot determine value type from string 'william@yahoo.com'
[WARN ] 2019-10-09 12:05:45.711 [http-nio-8888-exec-29] JDBCConferenceDao - findAll SQLException: Cannot determine value type from string 'william@yahoo.com'
[WARN ] 2019-10-09 12:05:46.370 [http-nio-8888-exec-14] JDBCConferenceDao - findAll SQLException: Cannot determine value type from string 'william@yahoo.com'
[INFO ] 2019-10-09 12:06:50.111 [http-nio-8888-exec-23] ConnectionPoolHolder - Load database.properties file
[INFO ] 2019-10-09 12:06:54.359 [http-nio-8888-exec-29] JDBCUserDao - Load query.properties  file
[INFO ] 2019-10-09 12:06:54.590 [http-nio-8888-exec-29] Login - User email: admin@gmail.com logged successfully. User role: ADMIN
[WARN ] 2019-10-09 12:07:11.665 [http-nio-8888-exec-27] JDBCConferenceDao - delete SQLException: Cannot delete or update a parent row: a foreign key constraint fails (`conference_servlet_db`.`conference_registrations`, CONSTRAINT `FK3k47q8y5lkh2bubg8e0itwn9f` FOREIGN KEY (`conference_id`) REFERENCES `conference` (`id`))
[INFO ] 2019-10-09 12:07:11.666 [http-nio-8888-exec-27] DeleteConference - Conference was deleted, ID: 38
[WARN ] 2019-10-09 12:07:36.445 [http-nio-8888-exec-39] JDBCConferenceDao - delete SQLException: Cannot delete or update a parent row: a foreign key constraint fails (`conference_servlet_db`.`conference_registrations`, CONSTRAINT `FK3k47q8y5lkh2bubg8e0itwn9f` FOREIGN KEY (`conference_id`) REFERENCES `conference` (`id`))
[INFO ] 2019-10-09 12:07:36.446 [http-nio-8888-exec-39] DeleteConference - Conference was deleted, ID: 38
[INFO ] 2019-10-09 12:13:41.253 [http-nio-8888-exec-40] DeleteConference - Conference was deleted, ID: 38
[WARN ] 2019-10-09 12:13:50.767 [http-nio-8888-exec-37] JDBCUserDao - delete() SQLException: Cannot delete or update a parent row: a foreign key constraint fails (`conference_servlet_db`.`conference_registrations`, CONSTRAINT `FKn3r729y3i5uwdojd034cmmb2h` FOREIGN KEY (`user_id`) REFERENCES `user` (`id`))
[INFO ] 2019-10-09 12:13:50.768 [http-nio-8888-exec-37] DeleteProfile - User: admin@gmail.com delete profile
[INFO ] 2019-10-09 12:14:51.157 [http-nio-8888-exec-39] SessionListener - User log out: admin@gmail.com
[INFO ] 2019-10-09 12:14:56.190 [http-nio-8888-exec-35] Login - User email: aa@aa.aa logged successfully. User role: USER
[INFO ] 2019-10-09 12:15:02.994 [http-nio-8888-exec-36] SessionListener - User log out: aa@aa.aa
[INFO ] 2019-10-09 12:15:07.586 [http-nio-8888-exec-37] Login - User email: admin@gmail.com logged successfully. User role: ADMIN
[INFO ] 2019-10-09 12:15:13.459 [http-nio-8888-exec-35] DeleteProfile - User: admin@gmail.com delete profile
[INFO ] 2019-10-09 13:19:26.839 [ContainerBackgroundProcessor[StandardEngine[Catalina]]] SessionListener - User log out: null
[INFO ] 2019-10-09 13:19:26.847 [ContainerBackgroundProcessor[StandardEngine[Catalina]]] SessionListener - User log out: admin@gmail.com
[INFO ] 2019-10-09 14:15:56.882 [ContainerBackgroundProcessor[StandardEngine[Catalina]]] SessionListener - User log out: null
